<?xml version="1.0" encoding="UTF-8"?>
<testsuite xmlns:xsi="http://www.w3.org/2001/XMLSchema-instance" xsi:noNamespaceSchemaLocation="https://maven.apache.org/surefire/maven-surefire-plugin/xsd/surefire-test-report.xsd" name="NotifySpec" time="9.599" tests="2" errors="0" skipped="0" failures="1">
  <properties>
    <property name="sun.desktop" value="windows"/>
    <property name="awt.toolkit" value="sun.awt.windows.WToolkit"/>
    <property name="file.encoding.pkg" value="sun.io"/>
    <property name="java.specification.version" value="1.8"/>
    <property name="sun.cpu.isalist" value="amd64"/>
    <property name="sun.jnu.encoding" value="Cp1250"/>
    <property name="java.class.path" value="C:\Users\eaormtt\.m2\repository\org\apache\maven\surefire\surefire-booter\2.22.0\surefire-booter-2.22.0.jar;C:\Users\eaormtt\.m2\repository\org\apache\maven\surefire\surefire-api\2.22.0\surefire-api-2.22.0.jar;C:\Users\eaormtt\.m2\repository\org\apache\maven\surefire\surefire-logger-api\2.22.0\surefire-logger-api-2.22.0.jar;C:\matea\shared_library\target\test-classes;C:\matea\shared_library\target\classes;C:\Users\eaormtt\.m2\repository\org\nd4j\nd4j-native-platform\0.5.0\nd4j-native-platform-0.5.0.jar;C:\Users\eaormtt\.m2\repository\org\nd4j\nd4j-native\0.5.0\nd4j-native-0.5.0.jar;C:\Users\eaormtt\.m2\repository\org\nd4j\nd4j-native-api\0.5.0\nd4j-native-api-0.5.0.jar;C:\Users\eaormtt\.m2\repository\org\nd4j\nd4j-buffer\0.5.0\nd4j-buffer-0.5.0.jar;C:\Users\eaormtt\.m2\repository\org\nd4j\nd4j-common\0.5.0\nd4j-common-0.5.0.jar;C:\Users\eaormtt\.m2\repository\org\apache\commons\commons-math3\3.4.1\commons-math3-3.4.1.jar;C:\Users\eaormtt\.m2\repository\org\apache\commons\commons-lang3\3.3.1\commons-lang3-3.3.1.jar;C:\Users\eaormtt\.m2\repository\org\bytedeco\javacpp\1.2.3\javacpp-1.2.3.jar;C:\Users\eaormtt\.m2\repository\org\nd4j\nd4j-api\0.5.0\nd4j-api-0.5.0.jar;C:\Users\eaormtt\.m2\repository\org\projectlombok\lombok\1.16.4\lombok-1.16.4.jar;C:\Users\eaormtt\.m2\repository\org\nd4j\nd4j-context\0.5.0\nd4j-context-0.5.0.jar;C:\Users\eaormtt\.m2\repository\org\nd4j\nd4j-native\0.5.0\nd4j-native-0.5.0-windows-x86_64.jar;C:\Users\eaormtt\.m2\repository\org\nd4j\nd4j-native\0.5.0\nd4j-native-0.5.0-linux-x86_64.jar;C:\Users\eaormtt\.m2\repository\org\nd4j\nd4j-native\0.5.0\nd4j-native-0.5.0-macosx-x86_64.jar;C:\Users\eaormtt\.m2\repository\org\nd4j\nd4j-native\0.5.0\nd4j-native-0.5.0-linux-ppc64le.jar;C:\Users\eaormtt\.m2\repository\org\reflections\reflections\0.9.9\reflections-0.9.9.jar;C:\Users\eaormtt\.m2\repository\com\google\guava\guava\20.0\guava-20.0.jar;C:\Users\eaormtt\.m2\repository\org\javassist\javassist\3.18.2-GA\javassist-3.18.2-GA.jar;C:\Users\eaormtt\.m2\repository\com\google\code\findbugs\annotations\2.0.1\annotations-2.0.1.jar;C:\Users\eaormtt\.m2\repository\com\homeaway\devtools\jenkins\jenkins-spock\2.0.0\jenkins-spock-2.0.0.jar;C:\Users\eaormtt\.m2\repository\org\spockframework\spock-core\1.1-groovy-2.4\spock-core-1.1-groovy-2.4.jar;C:\Users\eaormtt\.m2\repository\cglib\cglib-nodep\3.2.7\cglib-nodep-3.2.7.jar;C:\Users\eaormtt\.m2\repository\org\objenesis\objenesis\2.6\objenesis-2.6.jar;C:\Users\eaormtt\.m2\repository\io\github\lukehutch\fast-classpath-scanner\2.8.2\fast-classpath-scanner-2.8.2.jar;C:\Users\eaormtt\.m2\repository\org\slf4j\slf4j-api\1.7.25\slf4j-api-1.7.25.jar;C:\Users\eaormtt\.m2\repository\ch\qos\logback\logback-core\1.2.3\logback-core-1.2.3.jar;C:\Users\eaormtt\.m2\repository\ch\qos\logback\logback-classic\1.2.3\logback-classic-1.2.3.jar;C:\Users\eaormtt\.m2\repository\junit\junit\4.12\junit-4.12.jar;C:\Users\eaormtt\.m2\repository\org\hamcrest\hamcrest-core\1.3\hamcrest-core-1.3.jar;C:\Users\eaormtt\.m2\repository\org\jenkins-ci\main\jenkins-core\2.102\jenkins-core-2.102.jar;C:\Users\eaormtt\.m2\repository\org\jenkins-ci\plugins\icon-shim\icon-set\1.0.5\icon-set-1.0.5.jar;C:\Users\eaormtt\.m2\repository\org\jenkins-ci\main\remoting\3.16\remoting-3.16.jar;C:\Users\eaormtt\.m2\repository\org\jenkins-ci\constant-pool-scanner\1.2\constant-pool-scanner-1.2.jar;C:\Users\eaormtt\.m2\repository\org\jenkins-ci\main\cli\2.102\cli-2.102.jar;C:\Users\eaormtt\.m2\repository\org\jenkins-ci\version-number\1.4\version-number-1.4.jar;C:\Users\eaormtt\.m2\repository\org\jenkins-ci\crypto-util\1.1\crypto-util-1.1.jar;C:\Users\eaormtt\.m2\repository\org\jvnet\hudson\jtidy\4aug2000r7-dev-hudson-1\jtidy-4aug2000r7-dev-hudson-1.jar;C:\Users\eaormtt\.m2\repository\com\google\inject\guice\4.0\guice-4.0.jar;C:\Users\eaormtt\.m2\repository\javax\inject\javax.inject\1\javax.inject-1.jar;C:\Users\eaormtt\.m2\repository\aopalliance\aopalliance\1.0\aopalliance-1.0.jar;C:\Users\eaormtt\.m2\repository\org\jruby\ext\posix\jna-posix\1.0.3-jenkins-1\jna-posix-1.0.3-jenkins-1.jar;C:\Users\eaormtt\.m2\repository\com\github\jnr\jnr-posix\3.0.41\jnr-posix-3.0.41.jar;C:\Users\eaormtt\.m2\repository\com\github\jnr\jnr-ffi\2.1.4\jnr-ffi-2.1.4.jar;C:\Users\eaormtt\.m2\repository\com\github\jnr\jffi\1.2.15\jffi-1.2.15.jar;C:\Users\eaormtt\.m2\repository\com\github\jnr\jffi\1.2.15\jffi-1.2.15-native.jar;C:\Users\eaormtt\.m2\repository\org\ow2\asm\asm\5.0.3\asm-5.0.3.jar;C:\Users\eaormtt\.m2\repository\org\ow2\asm\asm-commons\5.0.3\asm-commons-5.0.3.jar;C:\Users\eaormtt\.m2\repository\org\ow2\asm\asm-analysis\5.0.3\asm-analysis-5.0.3.jar;C:\Users\eaormtt\.m2\repository\org\ow2\asm\asm-tree\5.0.3\asm-tree-5.0.3.jar;C:\Users\eaormtt\.m2\repository\org\ow2\asm\asm-util\5.0.3\asm-util-5.0.3.jar;C:\Users\eaormtt\.m2\repository\com\github\jnr\jnr-x86asm\1.0.2\jnr-x86asm-1.0.2.jar;C:\Users\eaormtt\.m2\repository\com\github\jnr\jnr-constants\0.9.8\jnr-constants-0.9.8.jar;C:\Users\eaormtt\.m2\repository\org\kohsuke\trilead-putty-extension\1.2\trilead-putty-extension-1.2.jar;C:\Users\eaormtt\.m2\repository\org\jenkins-ci\trilead-ssh2\build-217-jenkins-11\trilead-ssh2-build-217-jenkins-11.jar;C:\Users\eaormtt\.m2\repository\net\i2p\crypto\eddsa\0.2.0\eddsa-0.2.0.jar;C:\Users\eaormtt\.m2\repository\org\connectbot\jbcrypt\jbcrypt\1.0.0\jbcrypt-1.0.0.jar;C:\Users\eaormtt\.m2\repository\org\kohsuke\stapler\stapler-groovy\1.254\stapler-groovy-1.254.jar;C:\Users\eaormtt\.m2\repository\org\kohsuke\stapler\stapler-jelly\1.254\stapler-jelly-1.254.jar;C:\Users\eaormtt\.m2\repository\org\jenkins-ci\commons-jelly\1.1-jenkins-20120928\commons-jelly-1.1-jenkins-20120928.jar;C:\Users\eaormtt\.m2\repository\org\jenkins-ci\dom4j\dom4j\1.6.1-jenkins-4\dom4j-1.6.1-jenkins-4.jar;C:\Users\eaormtt\.m2\repository\org\kohsuke\stapler\stapler-jrebel\1.254\stapler-jrebel-1.254.jar;C:\Users\eaormtt\.m2\repository\org\kohsuke\stapler\stapler\1.254\stapler-1.254.jar;C:\Users\eaormtt\.m2\repository\javax\annotation\javax.annotation-api\1.2\javax.annotation-api-1.2.jar;C:\Users\eaormtt\.m2\repository\commons-discovery\commons-discovery\0.4\commons-discovery-0.4.jar;C:\Users\eaormtt\.m2\repository\org\jvnet\tiger-types\2.2\tiger-types-2.2.jar;C:\Users\eaormtt\.m2\repository\com\google\code\findbugs\jsr305\2.0.1\jsr305-2.0.1.jar;C:\Users\eaormtt\.m2\repository\org\kohsuke\windows-package-checker\1.2\windows-package-checker-1.2.jar;C:\Users\eaormtt\.m2\repository\org\kohsuke\stapler\stapler-adjunct-zeroclipboard\1.3.5-1\stapler-adjunct-zeroclipboard-1.3.5-1.jar;C:\Users\eaormtt\.m2\repository\org\kohsuke\stapler\stapler-adjunct-timeline\1.5\stapler-adjunct-timeline-1.5.jar;C:\Users\eaormtt\.m2\repository\org\kohsuke\stapler\stapler-adjunct-codemirror\1.3\stapler-adjunct-codemirror-1.3.jar;C:\Users\eaormtt\.m2\repository\com\infradna\tool\bridge-method-annotation\1.13\bridge-method-annotation-1.13.jar;C:\Users\eaormtt\.m2\repository\org\kohsuke\stapler\json-lib\2.4-jenkins-2\json-lib-2.4-jenkins-2.jar;C:\Users\eaormtt\.m2\repository\commons-logging\commons-logging\1.1.1\commons-logging-1.1.1.jar;C:\Users\eaormtt\.m2\repository\net\sf\ezmorph\ezmorph\1.0.6\ezmorph-1.0.6.jar;C:\Users\eaormtt\.m2\repository\commons-httpclient\commons-httpclient\3.1-jenkins-1\commons-httpclient-3.1-jenkins-1.jar;C:\Users\eaormtt\.m2\repository\args4j\args4j\2.0.31\args4j-2.0.31.jar;C:\Users\eaormtt\.m2\repository\org\jenkins-ci\annotation-indexer\1.12\annotation-indexer-1.12.jar;C:\Users\eaormtt\.m2\repository\org\jenkins-ci\bytecode-compatibility-transformer\1.8\bytecode-compatibility-transformer-1.8.jar;C:\Users\eaormtt\.m2\repository\org\kohsuke\asm5\5.0.1\asm5-5.0.1.jar;C:\Users\eaormtt\.m2\repository\org\jenkins-ci\task-reactor\1.4\task-reactor-1.4.jar;C:\Users\eaormtt\.m2\repository\org\jvnet\localizer\localizer\1.24\localizer-1.24.jar;C:\Users\eaormtt\.m2\repository\antlr\antlr\2.7.6\antlr-2.7.6.jar;C:\Users\eaormtt\.m2\repository\org\jvnet\hudson\xstream\1.4.7-jenkins-1\xstream-1.4.7-jenkins-1.jar;C:\Users\eaormtt\.m2\repository\jfree\jfreechart\1.0.9\jfreechart-1.0.9.jar;C:\Users\eaormtt\.m2\repository\jfree\jcommon\1.0.12\jcommon-1.0.12.jar;C:\Users\eaormtt\.m2\repository\org\apache\ant\ant\1.8.4\ant-1.8.4.jar;C:\Users\eaormtt\.m2\repository\org\apache\ant\ant-launcher\1.8.4\ant-launcher-1.8.4.jar;C:\Users\eaormtt\.m2\repository\commons-io\commons-io\2.4\commons-io-2.4.jar;C:\Users\eaormtt\.m2\repository\commons-lang\commons-lang\2.6\commons-lang-2.6.jar;C:\Users\eaormtt\.m2\repository\commons-digester\commons-digester\2.1\commons-digester-2.1.jar;C:\Users\eaormtt\.m2\repository\commons-beanutils\commons-beanutils\1.8.3\commons-beanutils-1.8.3.jar;C:\Users\eaormtt\.m2\repository\org\apache\commons\commons-compress\1.10\commons-compress-1.10.jar;C:\Users\eaormtt\.m2\repository\javax\mail\mail\1.4.4\mail-1.4.4.jar;C:\Users\eaormtt\.m2\repository\org\jvnet\hudson\activation\1.1.1-hudson-1\activation-1.1.1-hudson-1.jar;C:\Users\eaormtt\.m2\repository\jaxen\jaxen\1.1-beta-11\jaxen-1.1-beta-11.jar;C:\Users\eaormtt\.m2\repository\commons-jelly\commons-jelly-tags-fmt\1.0\commons-jelly-tags-fmt-1.0.jar;C:\Users\eaormtt\.m2\repository\commons-jelly\commons-jelly-tags-xml\1.1\commons-jelly-tags-xml-1.1.jar;C:\Users\eaormtt\.m2\repository\org\jvnet\hudson\commons-jelly-tags-define\1.0.1-hudson-20071021\commons-jelly-tags-define-1.0.1-hudson-20071021.jar;C:\Users\eaormtt\.m2\repository\org\jenkins-ci\commons-jexl\1.1-jenkins-20111212\commons-jexl-1.1-jenkins-20111212.jar;C:\Users\eaormtt\.m2\repository\org\acegisecurity\acegi-security\1.0.7\acegi-security-1.0.7.jar;C:\Users\eaormtt\.m2\repository\org\springframework\spring-jdbc\1.2.9\spring-jdbc-1.2.9.jar;C:\Users\eaormtt\.m2\repository\org\springframework\spring-dao\1.2.9\spring-dao-1.2.9.jar;C:\Users\eaormtt\.m2\repository\oro\oro\2.0.8\oro-2.0.8.jar;C:\Users\eaormtt\.m2\repository\log4j\log4j\1.2.9\log4j-1.2.9.jar;C:\Users\eaormtt\.m2\repository\jline\jline\2.12\jline-2.12.jar;C:\Users\eaormtt\.m2\repository\org\fusesource\jansi\jansi\1.11\jansi-1.11.jar;C:\Users\eaormtt\.m2\repository\org\springframework\spring-webmvc\2.5.6.SEC03\spring-webmvc-2.5.6.SEC03.jar;C:\Users\eaormtt\.m2\repository\org\springframework\spring-beans\2.5.6.SEC03\spring-beans-2.5.6.SEC03.jar;C:\Users\eaormtt\.m2\repository\org\springframework\spring-context\2.5.6.SEC03\spring-context-2.5.6.SEC03.jar;C:\Users\eaormtt\.m2\repository\org\springframework\spring-context-support\2.5.6.SEC03\spring-context-support-2.5.6.SEC03.jar;C:\Users\eaormtt\.m2\repository\org\springframework\spring-web\2.5.6.SEC03\spring-web-2.5.6.SEC03.jar;C:\Users\eaormtt\.m2\repository\org\springframework\spring-core\2.5.6.SEC03\spring-core-2.5.6.SEC03.jar;C:\Users\eaormtt\.m2\repository\org\springframework\spring-aop\2.5.6.SEC03\spring-aop-2.5.6.SEC03.jar;C:\Users\eaormtt\.m2\repository\xpp3\xpp3\1.1.4c\xpp3-1.1.4c.jar;C:\Users\eaormtt\.m2\repository\javax\servlet\jsp\jstl\javax.servlet.jsp.jstl-api\1.2.1\javax.servlet.jsp.jstl-api-1.2.1.jar;C:\Users\eaormtt\.m2\repository\com\sun\xml\txw2\txw2\20110809\txw2-20110809.jar;C:\Users\eaormtt\.m2\repository\javax\xml\stream\stax-api\1.0-2\stax-api-1.0-2.jar;C:\Users\eaormtt\.m2\repository\relaxngDatatype\relaxngDatatype\20020414\relaxngDatatype-20020414.jar;C:\Users\eaormtt\.m2\repository\commons-collections\commons-collections\3.2.2\commons-collections-3.2.2.jar;C:\Users\eaormtt\.m2\repository\org\jvnet\winp\winp\1.25\winp-1.25.jar;C:\Users\eaormtt\.m2\repository\org\jenkins-ci\memory-monitor\1.9\memory-monitor-1.9.jar;C:\Users\eaormtt\.m2\repository\org\codehaus\woodstox\wstx-asl\3.2.9\wstx-asl-3.2.9.jar;C:\Users\eaormtt\.m2\repository\stax\stax-api\1.0.1\stax-api-1.0.1.jar;C:\Users\eaormtt\.m2\repository\org\jenkins-ci\jmdns\3.4.0-jenkins-3\jmdns-3.4.0-jenkins-3.jar;C:\Users\eaormtt\.m2\repository\net\java\dev\jna\jna\4.2.1\jna-4.2.1.jar;C:\Users\eaormtt\.m2\repository\org\kohsuke\akuma\1.10\akuma-1.10.jar;C:\Users\eaormtt\.m2\repository\org\kohsuke\libpam4j\1.8\libpam4j-1.8.jar;C:\Users\eaormtt\.m2\repository\org\kohsuke\libzfs\0.8\libzfs-0.8.jar;C:\Users\eaormtt\.m2\repository\com\sun\solaris\embedded_su4j\1.1\embedded_su4j-1.1.jar;C:\Users\eaormtt\.m2\repository\net\java\sezpoz\sezpoz\1.12\sezpoz-1.12.jar;C:\Users\eaormtt\.m2\repository\org\kohsuke\jinterop\j-interop\2.0.6-kohsuke-1\j-interop-2.0.6-kohsuke-1.jar;C:\Users\eaormtt\.m2\repository\org\kohsuke\jinterop\j-interopdeps\2.0.6-kohsuke-1\j-interopdeps-2.0.6-kohsuke-1.jar;C:\Users\eaormtt\.m2\repository\org\samba\jcifs\jcifs\1.2.19\jcifs-1.2.19.jar;C:\Users\eaormtt\.m2\repository\org\jvnet\robust-http-client\robust-http-client\1.2\robust-http-client-1.2.jar;C:\Users\eaormtt\.m2\repository\org\jenkins-ci\symbol-annotation\1.1\symbol-annotation-1.1.jar;C:\Users\eaormtt\.m2\repository\commons-codec\commons-codec\1.9\commons-codec-1.9.jar;C:\Users\eaormtt\.m2\repository\org\kohsuke\access-modifier-annotation\1.12\access-modifier-annotation-1.12.jar;C:\Users\eaormtt\.m2\repository\commons-fileupload\commons-fileupload\1.3.1-jenkins-2\commons-fileupload-1.3.1-jenkins-2.jar;C:\Users\eaormtt\.m2\repository\com\jcraft\jzlib\1.1.3-kohsuke-1\jzlib-1.1.3-kohsuke-1.jar;C:\Users\eaormtt\.m2\repository\org\jenkins-ci\plugins\workflow\workflow-basic-steps\2.6\workflow-basic-steps-2.6.jar;C:\Users\eaormtt\.m2\repository\org\jenkins-ci\plugins\workflow\workflow-step-api\2.12\workflow-step-api-2.12.jar;C:\Users\eaormtt\.m2\repository\org\jenkins-ci\plugins\mailer\1.18\mailer-1.18.jar;C:\Users\eaormtt\.m2\repository\org\jenkins-ci\plugins\display-url-api\0.2\display-url-api-0.2.jar;C:\Users\eaormtt\.m2\repository\org\jenkins-ci\plugins\workflow\workflow-api\2.16\workflow-api-2.16.jar;C:\Users\eaormtt\.m2\repository\org\jenkins-ci\plugins\structs\1.6\structs-1.6.jar;C:\Users\eaormtt\.m2\repository\org\jenkins-ci\plugins\workflow\workflow-cps\2.36\workflow-cps-2.36.jar;C:\Users\eaormtt\.m2\repository\org\jenkins-ci\plugins\workflow\workflow-support\2.14\workflow-support-2.14.jar;C:\Users\eaormtt\.m2\repository\org\jboss\marshalling\jboss-marshalling-river\1.4.9.Final\jboss-marshalling-river-1.4.9.Final.jar;C:\Users\eaormtt\.m2\repository\org\jboss\marshalling\jboss-marshalling\1.4.9.Final\jboss-marshalling-1.4.9.Final.jar;C:\Users\eaormtt\.m2\repository\org\jenkins-ci\plugins\workflow\workflow-scm-step\2.4\workflow-scm-step-2.4.jar;C:\Users\eaormtt\.m2\repository\org\jenkins-ci\plugins\script-security\1.29\script-security-1.29.jar;C:\Users\eaormtt\.m2\repository\org\kohsuke\groovy-sandbox\1.10\groovy-sandbox-1.10.jar;C:\Users\eaormtt\.m2\repository\org\jenkins-ci\plugins\scm-api\2.0.8\scm-api-2.0.8.jar;C:\Users\eaormtt\.m2\repository\com\cloudbees\groovy-cps\1.16\groovy-cps-1.16.jar;C:\Users\eaormtt\.m2\repository\org\jenkins-ci\ui\jquery-detached\1.2.1\jquery-detached-1.2.1.jar;C:\Users\eaormtt\.m2\repository\org\jenkins-ci\ui\ace-editor\1.0.1\ace-editor-1.0.1.jar;C:\Users\eaormtt\.m2\repository\com\cloudbees\diff4j\1.2\diff4j-1.2.jar;C:\Users\eaormtt\.m2\repository\org\jenkins-ci\plugins\workflow\workflow-durable-task-step\2.21\workflow-durable-task-step-2.21.jar;C:\Users\eaormtt\.m2\repository\org\jenkins-ci\plugins\durable-task\1.24\durable-task-1.24.jar;C:\Users\eaormtt\.m2\repository\org\jenkins-ci\plugins\pipeline-stage-step\2.3\pipeline-stage-step-2.3.jar;C:\Users\eaormtt\.m2\repository\org\jenkins-ci\plugins\git\3.9.1\git-3.9.1.jar;C:\Users\eaormtt\.m2\repository\joda-time\joda-time\2.9.5\joda-time-2.9.5.jar;C:\Users\eaormtt\.m2\repository\org\jenkins-ci\plugins\git-client\2.7.0\git-client-2.7.0.jar;C:\Users\eaormtt\.m2\repository\org\eclipse\jgit\org.eclipse.jgit\4.5.4.201711221230-r\org.eclipse.jgit-4.5.4.201711221230-r.jar;C:\Users\eaormtt\.m2\repository\com\googlecode\javaewah\JavaEWAH\0.7.9\JavaEWAH-0.7.9.jar;C:\Users\eaormtt\.m2\repository\org\eclipse\jgit\org.eclipse.jgit.http.server\4.5.4.201711221230-r\org.eclipse.jgit.http.server-4.5.4.201711221230-r.jar;C:\Users\eaormtt\.m2\repository\org\eclipse\jgit\org.eclipse.jgit.http.apache\4.5.4.201711221230-r\org.eclipse.jgit.http.apache-4.5.4.201711221230-r.jar;C:\Users\eaormtt\.m2\repository\org\jenkins-ci\plugins\jsch\0.1.54.1\jsch-0.1.54.1.jar;C:\Users\eaormtt\.m2\repository\com\jcraft\jsch\0.1.54\jsch-0.1.54.jar;C:\Users\eaormtt\.m2\repository\org\jenkins-ci\plugins\apache-httpcomponents-client-4-api\4.5.3-2.0\apache-httpcomponents-client-4-api-4.5.3-2.0.jar;C:\Users\eaormtt\.m2\repository\org\apache\httpcomponents\httpclient\4.5.3\httpclient-4.5.3.jar;C:\Users\eaormtt\.m2\repository\org\apache\httpcomponents\httpcore\4.4.6\httpcore-4.4.6.jar;C:\Users\eaormtt\.m2\repository\org\apache\httpcomponents\httpmime\4.5.3\httpmime-4.5.3.jar;C:\Users\eaormtt\.m2\repository\org\apache\httpcomponents\fluent-hc\4.5.3\fluent-hc-4.5.3.jar;C:\Users\eaormtt\.m2\repository\org\apache\httpcomponents\httpclient-cache\4.5.3\httpclient-cache-4.5.3.jar;C:\Users\eaormtt\.m2\repository\org\jenkins-ci\plugins\credentials\2.1.14\credentials-2.1.14.jar;C:\Users\eaormtt\.m2\repository\org\antlr\antlr4-runtime\4.5\antlr4-runtime-4.5.jar;C:\Users\eaormtt\.m2\repository\org\abego\treelayout\org.abego.treelayout.core\1.0.1\org.abego.treelayout.core-1.0.1.jar;C:\Users\eaormtt\.m2\repository\org\jenkins-ci\plugins\ssh-credentials\1.13\ssh-credentials-1.13.jar;C:\Users\eaormtt\.m2\repository\org\jenkins-ci\plugins\matrix-project\1.7.1\matrix-project-1.7.1.jar;C:\Users\eaormtt\.m2\repository\javax\servlet\javax.servlet-api\3.1.0\javax.servlet-api-3.1.0.jar;C:\Users\eaormtt\.m2\repository\org\jenkins-ci\plugins\junit\1.24\junit-1.24.jar;C:\Users\eaormtt\.m2\repository\org\codehaus\groovy\groovy-all\2.4.11\groovy-all-2.4.11.jar;C:\Users\eaormtt\.m2\repository\org\slf4j\jcl-over-slf4j\1.7.25\jcl-over-slf4j-1.7.25.jar;C:\Users\eaormtt\.m2\repository\org\slf4j\log4j-over-slf4j\1.7.25\log4j-over-slf4j-1.7.25.jar;C:\Users\eaormtt\.m2\repository\org\apache\maven\surefire\surefire-junit4\2.22.0\surefire-junit4-2.22.0.jar"/>
    <property name="java.vm.vendor" value="Oracle Corporation"/>
    <property name="sun.arch.data.model" value="64"/>
    <property name="user.variant" value=""/>
    <property name="java.vendor.url" value="http://java.oracle.com/"/>
    <property name="user.timezone" value="Europe/Belgrade"/>
    <property name="user.country.format" value="HR"/>
    <property name="java.vm.specification.version" value="1.8"/>
    <property name="os.name" value="Windows 10"/>
    <property name="sun.java.launcher" value="SUN_STANDARD"/>
    <property name="user.country" value="US"/>
    <property name="root.loglevel" value="ERROR"/>
    <property name="sun.boot.library.path" value="C:\Program Files\Java\jdk1.8.0_201\jre\bin"/>
    <property name="sun.java.command" value="org.apache.maven.surefire.booter.ForkedBooter C:\Users\eaormtt\AppData\Local\Temp\surefire2974056985211242917 2020-06-09T21-54-25_986-jvmRun1 surefire7514034055405742880tmp surefire_08905351820988303248tmp"/>
    <property name="surefire.test.class.path" value="C:\matea\shared_library\target\test-classes;C:\matea\shared_library\target\classes;C:\Users\eaormtt\.m2\repository\org\nd4j\nd4j-native-platform\0.5.0\nd4j-native-platform-0.5.0.jar;C:\Users\eaormtt\.m2\repository\org\nd4j\nd4j-native\0.5.0\nd4j-native-0.5.0.jar;C:\Users\eaormtt\.m2\repository\org\nd4j\nd4j-native-api\0.5.0\nd4j-native-api-0.5.0.jar;C:\Users\eaormtt\.m2\repository\org\nd4j\nd4j-buffer\0.5.0\nd4j-buffer-0.5.0.jar;C:\Users\eaormtt\.m2\repository\org\nd4j\nd4j-common\0.5.0\nd4j-common-0.5.0.jar;C:\Users\eaormtt\.m2\repository\org\apache\commons\commons-math3\3.4.1\commons-math3-3.4.1.jar;C:\Users\eaormtt\.m2\repository\org\apache\commons\commons-lang3\3.3.1\commons-lang3-3.3.1.jar;C:\Users\eaormtt\.m2\repository\org\bytedeco\javacpp\1.2.3\javacpp-1.2.3.jar;C:\Users\eaormtt\.m2\repository\org\nd4j\nd4j-api\0.5.0\nd4j-api-0.5.0.jar;C:\Users\eaormtt\.m2\repository\org\projectlombok\lombok\1.16.4\lombok-1.16.4.jar;C:\Users\eaormtt\.m2\repository\org\nd4j\nd4j-context\0.5.0\nd4j-context-0.5.0.jar;C:\Users\eaormtt\.m2\repository\org\nd4j\nd4j-native\0.5.0\nd4j-native-0.5.0-windows-x86_64.jar;C:\Users\eaormtt\.m2\repository\org\nd4j\nd4j-native\0.5.0\nd4j-native-0.5.0-linux-x86_64.jar;C:\Users\eaormtt\.m2\repository\org\nd4j\nd4j-native\0.5.0\nd4j-native-0.5.0-macosx-x86_64.jar;C:\Users\eaormtt\.m2\repository\org\nd4j\nd4j-native\0.5.0\nd4j-native-0.5.0-linux-ppc64le.jar;C:\Users\eaormtt\.m2\repository\org\reflections\reflections\0.9.9\reflections-0.9.9.jar;C:\Users\eaormtt\.m2\repository\com\google\guava\guava\20.0\guava-20.0.jar;C:\Users\eaormtt\.m2\repository\org\javassist\javassist\3.18.2-GA\javassist-3.18.2-GA.jar;C:\Users\eaormtt\.m2\repository\com\google\code\findbugs\annotations\2.0.1\annotations-2.0.1.jar;C:\Users\eaormtt\.m2\repository\com\homeaway\devtools\jenkins\jenkins-spock\2.0.0\jenkins-spock-2.0.0.jar;C:\Users\eaormtt\.m2\repository\org\spockframework\spock-core\1.1-groovy-2.4\spock-core-1.1-groovy-2.4.jar;C:\Users\eaormtt\.m2\repository\cglib\cglib-nodep\3.2.7\cglib-nodep-3.2.7.jar;C:\Users\eaormtt\.m2\repository\org\objenesis\objenesis\2.6\objenesis-2.6.jar;C:\Users\eaormtt\.m2\repository\io\github\lukehutch\fast-classpath-scanner\2.8.2\fast-classpath-scanner-2.8.2.jar;C:\Users\eaormtt\.m2\repository\org\slf4j\slf4j-api\1.7.25\slf4j-api-1.7.25.jar;C:\Users\eaormtt\.m2\repository\ch\qos\logback\logback-core\1.2.3\logback-core-1.2.3.jar;C:\Users\eaormtt\.m2\repository\ch\qos\logback\logback-classic\1.2.3\logback-classic-1.2.3.jar;C:\Users\eaormtt\.m2\repository\junit\junit\4.12\junit-4.12.jar;C:\Users\eaormtt\.m2\repository\org\hamcrest\hamcrest-core\1.3\hamcrest-core-1.3.jar;C:\Users\eaormtt\.m2\repository\org\jenkins-ci\main\jenkins-core\2.102\jenkins-core-2.102.jar;C:\Users\eaormtt\.m2\repository\org\jenkins-ci\plugins\icon-shim\icon-set\1.0.5\icon-set-1.0.5.jar;C:\Users\eaormtt\.m2\repository\org\jenkins-ci\main\remoting\3.16\remoting-3.16.jar;C:\Users\eaormtt\.m2\repository\org\jenkins-ci\constant-pool-scanner\1.2\constant-pool-scanner-1.2.jar;C:\Users\eaormtt\.m2\repository\org\jenkins-ci\main\cli\2.102\cli-2.102.jar;C:\Users\eaormtt\.m2\repository\org\jenkins-ci\version-number\1.4\version-number-1.4.jar;C:\Users\eaormtt\.m2\repository\org\jenkins-ci\crypto-util\1.1\crypto-util-1.1.jar;C:\Users\eaormtt\.m2\repository\org\jvnet\hudson\jtidy\4aug2000r7-dev-hudson-1\jtidy-4aug2000r7-dev-hudson-1.jar;C:\Users\eaormtt\.m2\repository\com\google\inject\guice\4.0\guice-4.0.jar;C:\Users\eaormtt\.m2\repository\javax\inject\javax.inject\1\javax.inject-1.jar;C:\Users\eaormtt\.m2\repository\aopalliance\aopalliance\1.0\aopalliance-1.0.jar;C:\Users\eaormtt\.m2\repository\org\jruby\ext\posix\jna-posix\1.0.3-jenkins-1\jna-posix-1.0.3-jenkins-1.jar;C:\Users\eaormtt\.m2\repository\com\github\jnr\jnr-posix\3.0.41\jnr-posix-3.0.41.jar;C:\Users\eaormtt\.m2\repository\com\github\jnr\jnr-ffi\2.1.4\jnr-ffi-2.1.4.jar;C:\Users\eaormtt\.m2\repository\com\github\jnr\jffi\1.2.15\jffi-1.2.15.jar;C:\Users\eaormtt\.m2\repository\com\github\jnr\jffi\1.2.15\jffi-1.2.15-native.jar;C:\Users\eaormtt\.m2\repository\org\ow2\asm\asm\5.0.3\asm-5.0.3.jar;C:\Users\eaormtt\.m2\repository\org\ow2\asm\asm-commons\5.0.3\asm-commons-5.0.3.jar;C:\Users\eaormtt\.m2\repository\org\ow2\asm\asm-analysis\5.0.3\asm-analysis-5.0.3.jar;C:\Users\eaormtt\.m2\repository\org\ow2\asm\asm-tree\5.0.3\asm-tree-5.0.3.jar;C:\Users\eaormtt\.m2\repository\org\ow2\asm\asm-util\5.0.3\asm-util-5.0.3.jar;C:\Users\eaormtt\.m2\repository\com\github\jnr\jnr-x86asm\1.0.2\jnr-x86asm-1.0.2.jar;C:\Users\eaormtt\.m2\repository\com\github\jnr\jnr-constants\0.9.8\jnr-constants-0.9.8.jar;C:\Users\eaormtt\.m2\repository\org\kohsuke\trilead-putty-extension\1.2\trilead-putty-extension-1.2.jar;C:\Users\eaormtt\.m2\repository\org\jenkins-ci\trilead-ssh2\build-217-jenkins-11\trilead-ssh2-build-217-jenkins-11.jar;C:\Users\eaormtt\.m2\repository\net\i2p\crypto\eddsa\0.2.0\eddsa-0.2.0.jar;C:\Users\eaormtt\.m2\repository\org\connectbot\jbcrypt\jbcrypt\1.0.0\jbcrypt-1.0.0.jar;C:\Users\eaormtt\.m2\repository\org\kohsuke\stapler\stapler-groovy\1.254\stapler-groovy-1.254.jar;C:\Users\eaormtt\.m2\repository\org\kohsuke\stapler\stapler-jelly\1.254\stapler-jelly-1.254.jar;C:\Users\eaormtt\.m2\repository\org\jenkins-ci\commons-jelly\1.1-jenkins-20120928\commons-jelly-1.1-jenkins-20120928.jar;C:\Users\eaormtt\.m2\repository\org\jenkins-ci\dom4j\dom4j\1.6.1-jenkins-4\dom4j-1.6.1-jenkins-4.jar;C:\Users\eaormtt\.m2\repository\org\kohsuke\stapler\stapler-jrebel\1.254\stapler-jrebel-1.254.jar;C:\Users\eaormtt\.m2\repository\org\kohsuke\stapler\stapler\1.254\stapler-1.254.jar;C:\Users\eaormtt\.m2\repository\javax\annotation\javax.annotation-api\1.2\javax.annotation-api-1.2.jar;C:\Users\eaormtt\.m2\repository\commons-discovery\commons-discovery\0.4\commons-discovery-0.4.jar;C:\Users\eaormtt\.m2\repository\org\jvnet\tiger-types\2.2\tiger-types-2.2.jar;C:\Users\eaormtt\.m2\repository\com\google\code\findbugs\jsr305\2.0.1\jsr305-2.0.1.jar;C:\Users\eaormtt\.m2\repository\org\kohsuke\windows-package-checker\1.2\windows-package-checker-1.2.jar;C:\Users\eaormtt\.m2\repository\org\kohsuke\stapler\stapler-adjunct-zeroclipboard\1.3.5-1\stapler-adjunct-zeroclipboard-1.3.5-1.jar;C:\Users\eaormtt\.m2\repository\org\kohsuke\stapler\stapler-adjunct-timeline\1.5\stapler-adjunct-timeline-1.5.jar;C:\Users\eaormtt\.m2\repository\org\kohsuke\stapler\stapler-adjunct-codemirror\1.3\stapler-adjunct-codemirror-1.3.jar;C:\Users\eaormtt\.m2\repository\com\infradna\tool\bridge-method-annotation\1.13\bridge-method-annotation-1.13.jar;C:\Users\eaormtt\.m2\repository\org\kohsuke\stapler\json-lib\2.4-jenkins-2\json-lib-2.4-jenkins-2.jar;C:\Users\eaormtt\.m2\repository\commons-logging\commons-logging\1.1.1\commons-logging-1.1.1.jar;C:\Users\eaormtt\.m2\repository\net\sf\ezmorph\ezmorph\1.0.6\ezmorph-1.0.6.jar;C:\Users\eaormtt\.m2\repository\commons-httpclient\commons-httpclient\3.1-jenkins-1\commons-httpclient-3.1-jenkins-1.jar;C:\Users\eaormtt\.m2\repository\args4j\args4j\2.0.31\args4j-2.0.31.jar;C:\Users\eaormtt\.m2\repository\org\jenkins-ci\annotation-indexer\1.12\annotation-indexer-1.12.jar;C:\Users\eaormtt\.m2\repository\org\jenkins-ci\bytecode-compatibility-transformer\1.8\bytecode-compatibility-transformer-1.8.jar;C:\Users\eaormtt\.m2\repository\org\kohsuke\asm5\5.0.1\asm5-5.0.1.jar;C:\Users\eaormtt\.m2\repository\org\jenkins-ci\task-reactor\1.4\task-reactor-1.4.jar;C:\Users\eaormtt\.m2\repository\org\jvnet\localizer\localizer\1.24\localizer-1.24.jar;C:\Users\eaormtt\.m2\repository\antlr\antlr\2.7.6\antlr-2.7.6.jar;C:\Users\eaormtt\.m2\repository\org\jvnet\hudson\xstream\1.4.7-jenkins-1\xstream-1.4.7-jenkins-1.jar;C:\Users\eaormtt\.m2\repository\jfree\jfreechart\1.0.9\jfreechart-1.0.9.jar;C:\Users\eaormtt\.m2\repository\jfree\jcommon\1.0.12\jcommon-1.0.12.jar;C:\Users\eaormtt\.m2\repository\org\apache\ant\ant\1.8.4\ant-1.8.4.jar;C:\Users\eaormtt\.m2\repository\org\apache\ant\ant-launcher\1.8.4\ant-launcher-1.8.4.jar;C:\Users\eaormtt\.m2\repository\commons-io\commons-io\2.4\commons-io-2.4.jar;C:\Users\eaormtt\.m2\repository\commons-lang\commons-lang\2.6\commons-lang-2.6.jar;C:\Users\eaormtt\.m2\repository\commons-digester\commons-digester\2.1\commons-digester-2.1.jar;C:\Users\eaormtt\.m2\repository\commons-beanutils\commons-beanutils\1.8.3\commons-beanutils-1.8.3.jar;C:\Users\eaormtt\.m2\repository\org\apache\commons\commons-compress\1.10\commons-compress-1.10.jar;C:\Users\eaormtt\.m2\repository\javax\mail\mail\1.4.4\mail-1.4.4.jar;C:\Users\eaormtt\.m2\repository\org\jvnet\hudson\activation\1.1.1-hudson-1\activation-1.1.1-hudson-1.jar;C:\Users\eaormtt\.m2\repository\jaxen\jaxen\1.1-beta-11\jaxen-1.1-beta-11.jar;C:\Users\eaormtt\.m2\repository\commons-jelly\commons-jelly-tags-fmt\1.0\commons-jelly-tags-fmt-1.0.jar;C:\Users\eaormtt\.m2\repository\commons-jelly\commons-jelly-tags-xml\1.1\commons-jelly-tags-xml-1.1.jar;C:\Users\eaormtt\.m2\repository\org\jvnet\hudson\commons-jelly-tags-define\1.0.1-hudson-20071021\commons-jelly-tags-define-1.0.1-hudson-20071021.jar;C:\Users\eaormtt\.m2\repository\org\jenkins-ci\commons-jexl\1.1-jenkins-20111212\commons-jexl-1.1-jenkins-20111212.jar;C:\Users\eaormtt\.m2\repository\org\acegisecurity\acegi-security\1.0.7\acegi-security-1.0.7.jar;C:\Users\eaormtt\.m2\repository\org\springframework\spring-jdbc\1.2.9\spring-jdbc-1.2.9.jar;C:\Users\eaormtt\.m2\repository\org\springframework\spring-dao\1.2.9\spring-dao-1.2.9.jar;C:\Users\eaormtt\.m2\repository\oro\oro\2.0.8\oro-2.0.8.jar;C:\Users\eaormtt\.m2\repository\log4j\log4j\1.2.9\log4j-1.2.9.jar;C:\Users\eaormtt\.m2\repository\jline\jline\2.12\jline-2.12.jar;C:\Users\eaormtt\.m2\repository\org\fusesource\jansi\jansi\1.11\jansi-1.11.jar;C:\Users\eaormtt\.m2\repository\org\springframework\spring-webmvc\2.5.6.SEC03\spring-webmvc-2.5.6.SEC03.jar;C:\Users\eaormtt\.m2\repository\org\springframework\spring-beans\2.5.6.SEC03\spring-beans-2.5.6.SEC03.jar;C:\Users\eaormtt\.m2\repository\org\springframework\spring-context\2.5.6.SEC03\spring-context-2.5.6.SEC03.jar;C:\Users\eaormtt\.m2\repository\org\springframework\spring-context-support\2.5.6.SEC03\spring-context-support-2.5.6.SEC03.jar;C:\Users\eaormtt\.m2\repository\org\springframework\spring-web\2.5.6.SEC03\spring-web-2.5.6.SEC03.jar;C:\Users\eaormtt\.m2\repository\org\springframework\spring-core\2.5.6.SEC03\spring-core-2.5.6.SEC03.jar;C:\Users\eaormtt\.m2\repository\org\springframework\spring-aop\2.5.6.SEC03\spring-aop-2.5.6.SEC03.jar;C:\Users\eaormtt\.m2\repository\xpp3\xpp3\1.1.4c\xpp3-1.1.4c.jar;C:\Users\eaormtt\.m2\repository\javax\servlet\jsp\jstl\javax.servlet.jsp.jstl-api\1.2.1\javax.servlet.jsp.jstl-api-1.2.1.jar;C:\Users\eaormtt\.m2\repository\com\sun\xml\txw2\txw2\20110809\txw2-20110809.jar;C:\Users\eaormtt\.m2\repository\javax\xml\stream\stax-api\1.0-2\stax-api-1.0-2.jar;C:\Users\eaormtt\.m2\repository\relaxngDatatype\relaxngDatatype\20020414\relaxngDatatype-20020414.jar;C:\Users\eaormtt\.m2\repository\commons-collections\commons-collections\3.2.2\commons-collections-3.2.2.jar;C:\Users\eaormtt\.m2\repository\org\jvnet\winp\winp\1.25\winp-1.25.jar;C:\Users\eaormtt\.m2\repository\org\jenkins-ci\memory-monitor\1.9\memory-monitor-1.9.jar;C:\Users\eaormtt\.m2\repository\org\codehaus\woodstox\wstx-asl\3.2.9\wstx-asl-3.2.9.jar;C:\Users\eaormtt\.m2\repository\stax\stax-api\1.0.1\stax-api-1.0.1.jar;C:\Users\eaormtt\.m2\repository\org\jenkins-ci\jmdns\3.4.0-jenkins-3\jmdns-3.4.0-jenkins-3.jar;C:\Users\eaormtt\.m2\repository\net\java\dev\jna\jna\4.2.1\jna-4.2.1.jar;C:\Users\eaormtt\.m2\repository\org\kohsuke\akuma\1.10\akuma-1.10.jar;C:\Users\eaormtt\.m2\repository\org\kohsuke\libpam4j\1.8\libpam4j-1.8.jar;C:\Users\eaormtt\.m2\repository\org\kohsuke\libzfs\0.8\libzfs-0.8.jar;C:\Users\eaormtt\.m2\repository\com\sun\solaris\embedded_su4j\1.1\embedded_su4j-1.1.jar;C:\Users\eaormtt\.m2\repository\net\java\sezpoz\sezpoz\1.12\sezpoz-1.12.jar;C:\Users\eaormtt\.m2\repository\org\kohsuke\jinterop\j-interop\2.0.6-kohsuke-1\j-interop-2.0.6-kohsuke-1.jar;C:\Users\eaormtt\.m2\repository\org\kohsuke\jinterop\j-interopdeps\2.0.6-kohsuke-1\j-interopdeps-2.0.6-kohsuke-1.jar;C:\Users\eaormtt\.m2\repository\org\samba\jcifs\jcifs\1.2.19\jcifs-1.2.19.jar;C:\Users\eaormtt\.m2\repository\org\jvnet\robust-http-client\robust-http-client\1.2\robust-http-client-1.2.jar;C:\Users\eaormtt\.m2\repository\org\jenkins-ci\symbol-annotation\1.1\symbol-annotation-1.1.jar;C:\Users\eaormtt\.m2\repository\commons-codec\commons-codec\1.9\commons-codec-1.9.jar;C:\Users\eaormtt\.m2\repository\org\kohsuke\access-modifier-annotation\1.12\access-modifier-annotation-1.12.jar;C:\Users\eaormtt\.m2\repository\commons-fileupload\commons-fileupload\1.3.1-jenkins-2\commons-fileupload-1.3.1-jenkins-2.jar;C:\Users\eaormtt\.m2\repository\com\jcraft\jzlib\1.1.3-kohsuke-1\jzlib-1.1.3-kohsuke-1.jar;C:\Users\eaormtt\.m2\repository\org\jenkins-ci\plugins\workflow\workflow-basic-steps\2.6\workflow-basic-steps-2.6.jar;C:\Users\eaormtt\.m2\repository\org\jenkins-ci\plugins\workflow\workflow-step-api\2.12\workflow-step-api-2.12.jar;C:\Users\eaormtt\.m2\repository\org\jenkins-ci\plugins\mailer\1.18\mailer-1.18.jar;C:\Users\eaormtt\.m2\repository\org\jenkins-ci\plugins\display-url-api\0.2\display-url-api-0.2.jar;C:\Users\eaormtt\.m2\repository\org\jenkins-ci\plugins\workflow\workflow-api\2.16\workflow-api-2.16.jar;C:\Users\eaormtt\.m2\repository\org\jenkins-ci\plugins\structs\1.6\structs-1.6.jar;C:\Users\eaormtt\.m2\repository\org\jenkins-ci\plugins\workflow\workflow-cps\2.36\workflow-cps-2.36.jar;C:\Users\eaormtt\.m2\repository\org\jenkins-ci\plugins\workflow\workflow-support\2.14\workflow-support-2.14.jar;C:\Users\eaormtt\.m2\repository\org\jboss\marshalling\jboss-marshalling-river\1.4.9.Final\jboss-marshalling-river-1.4.9.Final.jar;C:\Users\eaormtt\.m2\repository\org\jboss\marshalling\jboss-marshalling\1.4.9.Final\jboss-marshalling-1.4.9.Final.jar;C:\Users\eaormtt\.m2\repository\org\jenkins-ci\plugins\workflow\workflow-scm-step\2.4\workflow-scm-step-2.4.jar;C:\Users\eaormtt\.m2\repository\org\jenkins-ci\plugins\script-security\1.29\script-security-1.29.jar;C:\Users\eaormtt\.m2\repository\org\kohsuke\groovy-sandbox\1.10\groovy-sandbox-1.10.jar;C:\Users\eaormtt\.m2\repository\org\jenkins-ci\plugins\scm-api\2.0.8\scm-api-2.0.8.jar;C:\Users\eaormtt\.m2\repository\com\cloudbees\groovy-cps\1.16\groovy-cps-1.16.jar;C:\Users\eaormtt\.m2\repository\org\jenkins-ci\ui\jquery-detached\1.2.1\jquery-detached-1.2.1.jar;C:\Users\eaormtt\.m2\repository\org\jenkins-ci\ui\ace-editor\1.0.1\ace-editor-1.0.1.jar;C:\Users\eaormtt\.m2\repository\com\cloudbees\diff4j\1.2\diff4j-1.2.jar;C:\Users\eaormtt\.m2\repository\org\jenkins-ci\plugins\workflow\workflow-durable-task-step\2.21\workflow-durable-task-step-2.21.jar;C:\Users\eaormtt\.m2\repository\org\jenkins-ci\plugins\durable-task\1.24\durable-task-1.24.jar;C:\Users\eaormtt\.m2\repository\org\jenkins-ci\plugins\pipeline-stage-step\2.3\pipeline-stage-step-2.3.jar;C:\Users\eaormtt\.m2\repository\org\jenkins-ci\plugins\git\3.9.1\git-3.9.1.jar;C:\Users\eaormtt\.m2\repository\joda-time\joda-time\2.9.5\joda-time-2.9.5.jar;C:\Users\eaormtt\.m2\repository\org\jenkins-ci\plugins\git-client\2.7.0\git-client-2.7.0.jar;C:\Users\eaormtt\.m2\repository\org\eclipse\jgit\org.eclipse.jgit\4.5.4.201711221230-r\org.eclipse.jgit-4.5.4.201711221230-r.jar;C:\Users\eaormtt\.m2\repository\com\googlecode\javaewah\JavaEWAH\0.7.9\JavaEWAH-0.7.9.jar;C:\Users\eaormtt\.m2\repository\org\eclipse\jgit\org.eclipse.jgit.http.server\4.5.4.201711221230-r\org.eclipse.jgit.http.server-4.5.4.201711221230-r.jar;C:\Users\eaormtt\.m2\repository\org\eclipse\jgit\org.eclipse.jgit.http.apache\4.5.4.201711221230-r\org.eclipse.jgit.http.apache-4.5.4.201711221230-r.jar;C:\Users\eaormtt\.m2\repository\org\jenkins-ci\plugins\jsch\0.1.54.1\jsch-0.1.54.1.jar;C:\Users\eaormtt\.m2\repository\com\jcraft\jsch\0.1.54\jsch-0.1.54.jar;C:\Users\eaormtt\.m2\repository\org\jenkins-ci\plugins\apache-httpcomponents-client-4-api\4.5.3-2.0\apache-httpcomponents-client-4-api-4.5.3-2.0.jar;C:\Users\eaormtt\.m2\repository\org\apache\httpcomponents\httpclient\4.5.3\httpclient-4.5.3.jar;C:\Users\eaormtt\.m2\repository\org\apache\httpcomponents\httpcore\4.4.6\httpcore-4.4.6.jar;C:\Users\eaormtt\.m2\repository\org\apache\httpcomponents\httpmime\4.5.3\httpmime-4.5.3.jar;C:\Users\eaormtt\.m2\repository\org\apache\httpcomponents\fluent-hc\4.5.3\fluent-hc-4.5.3.jar;C:\Users\eaormtt\.m2\repository\org\apache\httpcomponents\httpclient-cache\4.5.3\httpclient-cache-4.5.3.jar;C:\Users\eaormtt\.m2\repository\org\jenkins-ci\plugins\credentials\2.1.14\credentials-2.1.14.jar;C:\Users\eaormtt\.m2\repository\org\antlr\antlr4-runtime\4.5\antlr4-runtime-4.5.jar;C:\Users\eaormtt\.m2\repository\org\abego\treelayout\org.abego.treelayout.core\1.0.1\org.abego.treelayout.core-1.0.1.jar;C:\Users\eaormtt\.m2\repository\org\jenkins-ci\plugins\ssh-credentials\1.13\ssh-credentials-1.13.jar;C:\Users\eaormtt\.m2\repository\org\jenkins-ci\plugins\matrix-project\1.7.1\matrix-project-1.7.1.jar;C:\Users\eaormtt\.m2\repository\javax\servlet\javax.servlet-api\3.1.0\javax.servlet-api-3.1.0.jar;C:\Users\eaormtt\.m2\repository\org\jenkins-ci\plugins\junit\1.24\junit-1.24.jar;C:\Users\eaormtt\.m2\repository\org\codehaus\groovy\groovy-all\2.4.11\groovy-all-2.4.11.jar;C:\Users\eaormtt\.m2\repository\org\slf4j\jcl-over-slf4j\1.7.25\jcl-over-slf4j-1.7.25.jar;C:\Users\eaormtt\.m2\repository\org\slf4j\log4j-over-slf4j\1.7.25\log4j-over-slf4j-1.7.25.jar;"/>
    <property name="sun.cpu.endian" value="little"/>
    <property name="user.home" value="C:\Users\eaormtt"/>
    <property name="user.language" value="en"/>
    <property name="java.specification.vendor" value="Oracle Corporation"/>
    <property name="java.home" value="C:\Program Files\Java\jdk1.8.0_201\jre"/>
    <property name="basedir" value="C:\matea\shared_library"/>
    <property name="file.separator" value="\"/>
    <property name="line.separator" value="&#10;"/>
    <property name="java.vm.specification.vendor" value="Oracle Corporation"/>
    <property name="java.specification.name" value="Java Platform API Specification"/>
    <property name="java.awt.graphicsenv" value="sun.awt.Win32GraphicsEnvironment"/>
    <property name="sun.boot.class.path" value="C:\Program Files\Java\jdk1.8.0_201\jre\lib\resources.jar;C:\Program Files\Java\jdk1.8.0_201\jre\lib\rt.jar;C:\Program Files\Java\jdk1.8.0_201\jre\lib\sunrsasign.jar;C:\Program Files\Java\jdk1.8.0_201\jre\lib\jsse.jar;C:\Program Files\Java\jdk1.8.0_201\jre\lib\jce.jar;C:\Program Files\Java\jdk1.8.0_201\jre\lib\charsets.jar;C:\Program Files\Java\jdk1.8.0_201\jre\lib\jfr.jar;C:\Program Files\Java\jdk1.8.0_201\jre\classes"/>
    <property name="user.script" value=""/>
    <property name="sun.management.compiler" value="HotSpot 64-Bit Tiered Compilers"/>
    <property name="java.runtime.version" value="1.8.0_201-b09"/>
    <property name="user.name" value="eaormtt"/>
    <property name="path.separator" value=";"/>
    <property name="os.version" value="10.0"/>
    <property name="java.endorsed.dirs" value="C:\Program Files\Java\jdk1.8.0_201\jre\lib\endorsed"/>
    <property name="java.runtime.name" value="Java(TM) SE Runtime Environment"/>
    <property name="file.encoding" value="Cp1250"/>
    <property name="java.vm.name" value="Java HotSpot(TM) 64-Bit Server VM"/>
    <property name="root.appender" value="Stdout"/>
    <property name="logdir" value="C:\matea\shared_library\target/log"/>
    <property name="localRepository" value="C:\Users\eaormtt\.m2\repository"/>
    <property name="test.loglevel" value="ERROR"/>
    <property name="java.vendor.url.bug" value="http://bugreport.sun.com/bugreport/"/>
    <property name="java.io.tmpdir" value="C:\Users\eaormtt\AppData\Local\Temp\"/>
    <property name="java.version" value="1.8.0_201"/>
    <property name="user.dir" value="C:\matea\shared_library"/>
    <property name="os.arch" value="amd64"/>
    <property name="java.vm.specification.name" value="Java Virtual Machine Specification"/>
    <property name="java.awt.printerjob" value="sun.awt.windows.WPrinterJob"/>
    <property name="user.language.format" value="hr"/>
    <property name="sun.os.patch.level" value=""/>
    <property name="java.library.path" value="C:\Program Files\Java\jdk1.8.0_201\jre\bin;C:\WINDOWS\Sun\Java\bin;C:\WINDOWS\system32;C:\WINDOWS;C:\Program Files\Git\mingw64\bin;C:\Program Files\Git\usr\bin;C:\Users\eaormtt\bin;C:\Program Files\Java\jdk1.8.0_201;C:\Program Files (x86)\Common Files\Oracle\Java\javapath;C:\ProgramData\Oracle\Java\javapath;C:\WINDOWS\system32;C:\WINDOWS;C:\WINDOWS\System32\Wbem;C:\WINDOWS\System32\WindowsPowerShell\v1.0;C:\Program Files\Git\usr\bin;C:\Program Files\gradle-4.7\bin;C:\Program Files\groovy-2.3.10\bin;C:\PostgreSQL\pg10\bin;C:\Program Files\PuTTY;C:\WINDOWS\system32\config\systemprofile\AppData\Local\Microsoft\WindowsApps;C:\Program Files (x86)\Adaptiva\AdaptivaClient\bin\x32;C:\Program Files (x86)\Adaptiva\AdaptivaClient\bin\x64;C:\Program Files\Java\jdk1.8.0_201\bin;C:\Program Files\Intel\WiFi\bin;C:\Program Files\Common Files\Intel\WirelessCommon;C:\project_tools\instant_client_oracle\instantclient_19_5;C:\WINDOWS\system32;C:\WINDOWS;C:\WINDOWS\System32\Wbem;C:\WINDOWS\System32\WindowsPowerShell\v1.0;C:\WINDOWS\System32\OpenSSH;C:\Program Files\Docker\Docker\resources\bin;C:\ProgramData\DockerDesktop\version-bin;C:\Python\Lib\site-packages\npm;C:\Program Files\nodejs;C:\Program Files\apache-maven-3.6.3\bin;C:\Program Files\ValidatorBuddy CmdLine Tool;C:\Python\Scripts;C:\Python;C:\Users\eaormtt\AppData\Local\Microsoft\WindowsApps;C:\project_tools\Microsoft VS Code\bin;C:\Users\eaormtt\AppData\Roaming\npm;."/>
    <property name="java.vm.info" value="mixed mode"/>
    <property name="java.vendor" value="Oracle Corporation"/>
    <property name="java.vm.version" value="25.201-b09"/>
    <property name="java.ext.dirs" value="C:\Program Files\Java\jdk1.8.0_201\jre\lib\ext;C:\WINDOWS\Sun\Java\lib\ext"/>
    <property name="sun.io.unicode.encoding" value="UnicodeLittle"/>
    <property name="java.class.version" value="52.0"/>
  </properties>
  <testcase name="[notify] will echo SLACK_MESSAGE if type is slack" classname="NotifySpec" time="1.019">
    <failure message="Too many invocations for:&#10;&#10;0 * getPipelineMock(&quot;echo&quot;)(Constants.SLACK_MESSAGE)   (1 invocation)&#10;&#10;Matching invocations (ordered by last occurrence):&#10;&#10;1 * getPipelineMock(&quot;echo&quot;).call(&apos;Sending Slack Notification&apos;)   &lt;-- this triggered the error&#10;&#10;" type="org.spockframework.mock.TooManyInvocationsError"><![CDATA[org.spockframework.mock.TooManyInvocationsError: 
Too many invocations for:

0 * getPipelineMock("echo")(Constants.SLACK_MESSAGE)   (1 invocation)

Matching invocations (ordered by last occurrence):

1 * getPipelineMock("echo").call('Sending Slack Notification')   <-- this triggered the error


	at NotifySpec.[notify] will echo SLACK_MESSAGE if type is slack(NotifySpec.groovy:13)
]]></failure>
    <system-out><![CDATA[21:54:30.267 [main] DEBUG org.apache.commons.beanutils.converters.BooleanConverter - Setting default value: false
21:54:30.269 [main] DEBUG org.apache.commons.beanutils.converters.BooleanConverter - Converting 'Boolean' value 'false' to type 'Boolean'
21:54:30.269 [main] DEBUG org.apache.commons.beanutils.converters.BooleanConverter -     No conversion required, value is already a Boolean
21:54:30.271 [main] DEBUG org.apache.commons.beanutils.converters.ByteConverter - Setting default value: 0
21:54:30.271 [main] DEBUG org.apache.commons.beanutils.converters.ByteConverter - Converting 'Integer' value '0' to type 'Byte'
21:54:30.271 [main] DEBUG org.apache.commons.beanutils.converters.ByteConverter -     Converted to Byte value '0'
21:54:30.271 [main] DEBUG org.apache.commons.beanutils.converters.CharacterConverter - Setting default value:  
21:54:30.272 [main] DEBUG org.apache.commons.beanutils.converters.CharacterConverter - Converting 'Character' value ' ' to type 'Character'
21:54:30.272 [main] DEBUG org.apache.commons.beanutils.converters.CharacterConverter -     No conversion required, value is already a Character
21:54:30.272 [main] DEBUG org.apache.commons.beanutils.converters.DoubleConverter - Setting default value: 0
21:54:30.272 [main] DEBUG org.apache.commons.beanutils.converters.DoubleConverter - Converting 'Integer' value '0' to type 'Double'
21:54:30.272 [main] DEBUG org.apache.commons.beanutils.converters.DoubleConverter -     Converted to Double value '0.0'
21:54:30.272 [main] DEBUG org.apache.commons.beanutils.converters.FloatConverter - Setting default value: 0
21:54:30.272 [main] DEBUG org.apache.commons.beanutils.converters.FloatConverter - Converting 'Integer' value '0' to type 'Float'
21:54:30.272 [main] DEBUG org.apache.commons.beanutils.converters.FloatConverter -     Converted to Float value '0.0'
21:54:30.273 [main] DEBUG org.apache.commons.beanutils.converters.IntegerConverter - Setting default value: 0
21:54:30.273 [main] DEBUG org.apache.commons.beanutils.converters.IntegerConverter - Converting 'Integer' value '0' to type 'Integer'
21:54:30.273 [main] DEBUG org.apache.commons.beanutils.converters.IntegerConverter -     No conversion required, value is already a Integer
21:54:30.273 [main] DEBUG org.apache.commons.beanutils.converters.LongConverter - Setting default value: 0
21:54:30.273 [main] DEBUG org.apache.commons.beanutils.converters.LongConverter - Converting 'Integer' value '0' to type 'Long'
21:54:30.273 [main] DEBUG org.apache.commons.beanutils.converters.LongConverter -     Converted to Long value '0'
21:54:30.274 [main] DEBUG org.apache.commons.beanutils.converters.ShortConverter - Setting default value: 0
21:54:30.274 [main] DEBUG org.apache.commons.beanutils.converters.ShortConverter - Converting 'Integer' value '0' to type 'Short'
21:54:30.274 [main] DEBUG org.apache.commons.beanutils.converters.ShortConverter -     Converted to Short value '0'
21:54:30.275 [main] DEBUG org.apache.commons.beanutils.converters.BigDecimalConverter - Setting default value: 0.0
21:54:30.275 [main] DEBUG org.apache.commons.beanutils.converters.BigDecimalConverter - Converting 'BigDecimal' value '0.0' to type 'BigDecimal'
21:54:30.275 [main] DEBUG org.apache.commons.beanutils.converters.BigDecimalConverter -     No conversion required, value is already a BigDecimal
21:54:30.275 [main] DEBUG org.apache.commons.beanutils.converters.BigIntegerConverter - Setting default value: 0
21:54:30.275 [main] DEBUG org.apache.commons.beanutils.converters.BigIntegerConverter - Converting 'BigInteger' value '0' to type 'BigInteger'
21:54:30.275 [main] DEBUG org.apache.commons.beanutils.converters.BigIntegerConverter -     No conversion required, value is already a BigInteger
21:54:30.275 [main] DEBUG org.apache.commons.beanutils.converters.BooleanConverter - Setting default value: false
21:54:30.275 [main] DEBUG org.apache.commons.beanutils.converters.BooleanConverter - Converting 'Boolean' value 'false' to type 'Boolean'
21:54:30.275 [main] DEBUG org.apache.commons.beanutils.converters.BooleanConverter -     No conversion required, value is already a Boolean
21:54:30.275 [main] DEBUG org.apache.commons.beanutils.converters.ByteConverter - Setting default value: 0
21:54:30.275 [main] DEBUG org.apache.commons.beanutils.converters.ByteConverter - Converting 'Integer' value '0' to type 'Byte'
21:54:30.275 [main] DEBUG org.apache.commons.beanutils.converters.ByteConverter -     Converted to Byte value '0'
21:54:30.275 [main] DEBUG org.apache.commons.beanutils.converters.CharacterConverter - Setting default value:  
21:54:30.275 [main] DEBUG org.apache.commons.beanutils.converters.CharacterConverter - Converting 'Character' value ' ' to type 'Character'
21:54:30.275 [main] DEBUG org.apache.commons.beanutils.converters.CharacterConverter -     No conversion required, value is already a Character
21:54:30.276 [main] DEBUG org.apache.commons.beanutils.converters.DoubleConverter - Setting default value: 0
21:54:30.276 [main] DEBUG org.apache.commons.beanutils.converters.DoubleConverter - Converting 'Integer' value '0' to type 'Double'
21:54:30.276 [main] DEBUG org.apache.commons.beanutils.converters.DoubleConverter -     Converted to Double value '0.0'
21:54:30.276 [main] DEBUG org.apache.commons.beanutils.converters.FloatConverter - Setting default value: 0
21:54:30.276 [main] DEBUG org.apache.commons.beanutils.converters.FloatConverter - Converting 'Integer' value '0' to type 'Float'
21:54:30.276 [main] DEBUG org.apache.commons.beanutils.converters.FloatConverter -     Converted to Float value '0.0'
21:54:30.276 [main] DEBUG org.apache.commons.beanutils.converters.IntegerConverter - Setting default value: 0
21:54:30.276 [main] DEBUG org.apache.commons.beanutils.converters.IntegerConverter - Converting 'Integer' value '0' to type 'Integer'
21:54:30.276 [main] DEBUG org.apache.commons.beanutils.converters.IntegerConverter -     No conversion required, value is already a Integer
21:54:30.276 [main] DEBUG org.apache.commons.beanutils.converters.LongConverter - Setting default value: 0
21:54:30.276 [main] DEBUG org.apache.commons.beanutils.converters.LongConverter - Converting 'Integer' value '0' to type 'Long'
21:54:30.276 [main] DEBUG org.apache.commons.beanutils.converters.LongConverter -     Converted to Long value '0'
21:54:30.277 [main] DEBUG org.apache.commons.beanutils.converters.ShortConverter - Setting default value: 0
21:54:30.277 [main] DEBUG org.apache.commons.beanutils.converters.ShortConverter - Converting 'Integer' value '0' to type 'Short'
21:54:30.277 [main] DEBUG org.apache.commons.beanutils.converters.ShortConverter -     Converted to Short value '0'
21:54:30.277 [main] DEBUG org.apache.commons.beanutils.converters.StringConverter - Setting default value: 
21:54:30.277 [main] DEBUG org.apache.commons.beanutils.converters.StringConverter - Converting 'String' value '' to type 'String'
21:54:30.284 [main] DEBUG org.apache.commons.beanutils.converters.ArrayConverter - Setting default value: [Z@47f9738
21:54:30.284 [main] DEBUG org.apache.commons.beanutils.converters.ArrayConverter - Converting 'boolean[]' value '[Z@47f9738' to type 'boolean[]'
21:54:30.285 [main] DEBUG org.apache.commons.beanutils.converters.ArrayConverter -     No conversion required, value is already a boolean[]
21:54:30.285 [main] DEBUG org.apache.commons.beanutils.converters.ArrayConverter - Setting default value: [B@6155d082
21:54:30.285 [main] DEBUG org.apache.commons.beanutils.converters.ArrayConverter - Converting 'byte[]' value '[B@6155d082' to type 'byte[]'
21:54:30.285 [main] DEBUG org.apache.commons.beanutils.converters.ArrayConverter -     No conversion required, value is already a byte[]
21:54:30.285 [main] DEBUG org.apache.commons.beanutils.converters.ArrayConverter - Setting default value: [C@3a5ecce3
21:54:30.285 [main] DEBUG org.apache.commons.beanutils.converters.ArrayConverter - Converting 'char[]' value '[C@3a5ecce3' to type 'char[]'
21:54:30.285 [main] DEBUG org.apache.commons.beanutils.converters.ArrayConverter -     No conversion required, value is already a char[]
21:54:30.285 [main] DEBUG org.apache.commons.beanutils.converters.ArrayConverter - Setting default value: [D@561868a0
21:54:30.285 [main] DEBUG org.apache.commons.beanutils.converters.ArrayConverter - Converting 'double[]' value '[D@561868a0' to type 'double[]'
21:54:30.285 [main] DEBUG org.apache.commons.beanutils.converters.ArrayConverter -     No conversion required, value is already a double[]
21:54:30.285 [main] DEBUG org.apache.commons.beanutils.converters.ArrayConverter - Setting default value: [F@2ea6e30c
21:54:30.285 [main] DEBUG org.apache.commons.beanutils.converters.ArrayConverter - Converting 'float[]' value '[F@2ea6e30c' to type 'float[]'
21:54:30.285 [main] DEBUG org.apache.commons.beanutils.converters.ArrayConverter -     No conversion required, value is already a float[]
21:54:30.285 [main] DEBUG org.apache.commons.beanutils.converters.ArrayConverter - Setting default value: [I@6138e79a
21:54:30.285 [main] DEBUG org.apache.commons.beanutils.converters.ArrayConverter - Converting 'int[]' value '[I@6138e79a' to type 'int[]'
21:54:30.286 [main] DEBUG org.apache.commons.beanutils.converters.ArrayConverter -     No conversion required, value is already a int[]
21:54:30.286 [main] DEBUG org.apache.commons.beanutils.converters.ArrayConverter - Setting default value: [J@2dcd168a
21:54:30.286 [main] DEBUG org.apache.commons.beanutils.converters.ArrayConverter - Converting 'long[]' value '[J@2dcd168a' to type 'long[]'
21:54:30.286 [main] DEBUG org.apache.commons.beanutils.converters.ArrayConverter -     No conversion required, value is already a long[]
21:54:30.286 [main] DEBUG org.apache.commons.beanutils.converters.ArrayConverter - Setting default value: [S@388526fb
21:54:30.286 [main] DEBUG org.apache.commons.beanutils.converters.ArrayConverter - Converting 'short[]' value '[S@388526fb' to type 'short[]'
21:54:30.286 [main] DEBUG org.apache.commons.beanutils.converters.ArrayConverter -     No conversion required, value is already a short[]
21:54:30.286 [main] DEBUG org.apache.commons.beanutils.converters.ArrayConverter - Setting default value: [Ljava.math.BigDecimal;@21a21c64
21:54:30.286 [main] DEBUG org.apache.commons.beanutils.converters.ArrayConverter - Converting 'BigDecimal[]' value '[Ljava.math.BigDecimal;@21a21c64' to type 'BigDecimal[]'
21:54:30.286 [main] DEBUG org.apache.commons.beanutils.converters.ArrayConverter -     No conversion required, value is already a BigDecimal[]
21:54:30.286 [main] DEBUG org.apache.commons.beanutils.converters.ArrayConverter - Setting default value: [Ljava.math.BigInteger;@7803bfd
21:54:30.287 [main] DEBUG org.apache.commons.beanutils.converters.ArrayConverter - Converting 'BigInteger[]' value '[Ljava.math.BigInteger;@7803bfd' to type 'BigInteger[]'
21:54:30.287 [main] DEBUG org.apache.commons.beanutils.converters.ArrayConverter -     No conversion required, value is already a BigInteger[]
21:54:30.287 [main] DEBUG org.apache.commons.beanutils.converters.ArrayConverter - Setting default value: [Ljava.lang.Boolean;@42bc14c1
21:54:30.287 [main] DEBUG org.apache.commons.beanutils.converters.ArrayConverter - Converting 'Boolean[]' value '[Ljava.lang.Boolean;@42bc14c1' to type 'Boolean[]'
21:54:30.287 [main] DEBUG org.apache.commons.beanutils.converters.ArrayConverter -     No conversion required, value is already a Boolean[]
21:54:30.287 [main] DEBUG org.apache.commons.beanutils.converters.ArrayConverter - Setting default value: [Ljava.lang.Byte;@531f4093
21:54:30.287 [main] DEBUG org.apache.commons.beanutils.converters.ArrayConverter - Converting 'Byte[]' value '[Ljava.lang.Byte;@531f4093' to type 'Byte[]'
21:54:30.287 [main] DEBUG org.apache.commons.beanutils.converters.ArrayConverter -     No conversion required, value is already a Byte[]
21:54:30.287 [main] DEBUG org.apache.commons.beanutils.converters.ArrayConverter - Setting default value: [Ljava.lang.Character;@62ef27a8
21:54:30.287 [main] DEBUG org.apache.commons.beanutils.converters.ArrayConverter - Converting 'Character[]' value '[Ljava.lang.Character;@62ef27a8' to type 'Character[]'
21:54:30.287 [main] DEBUG org.apache.commons.beanutils.converters.ArrayConverter -     No conversion required, value is already a Character[]
21:54:30.287 [main] DEBUG org.apache.commons.beanutils.converters.ArrayConverter - Setting default value: [Ljava.lang.Double;@6436a7db
21:54:30.287 [main] DEBUG org.apache.commons.beanutils.converters.ArrayConverter - Converting 'Double[]' value '[Ljava.lang.Double;@6436a7db' to type 'Double[]'
21:54:30.287 [main] DEBUG org.apache.commons.beanutils.converters.ArrayConverter -     No conversion required, value is already a Double[]
21:54:30.288 [main] DEBUG org.apache.commons.beanutils.converters.ArrayConverter - Setting default value: [Ljava.lang.Float;@460ebd80
21:54:30.288 [main] DEBUG org.apache.commons.beanutils.converters.ArrayConverter - Converting 'Float[]' value '[Ljava.lang.Float;@460ebd80' to type 'Float[]'
21:54:30.288 [main] DEBUG org.apache.commons.beanutils.converters.ArrayConverter -     No conversion required, value is already a Float[]
21:54:30.288 [main] DEBUG org.apache.commons.beanutils.converters.ArrayConverter - Setting default value: [Ljava.lang.Integer;@6f3c660a
21:54:30.288 [main] DEBUG org.apache.commons.beanutils.converters.ArrayConverter - Converting 'Integer[]' value '[Ljava.lang.Integer;@6f3c660a' to type 'Integer[]'
21:54:30.288 [main] DEBUG org.apache.commons.beanutils.converters.ArrayConverter -     No conversion required, value is already a Integer[]
21:54:30.288 [main] DEBUG org.apache.commons.beanutils.converters.ArrayConverter - Setting default value: [Ljava.lang.Long;@74f5ce22
21:54:30.288 [main] DEBUG org.apache.commons.beanutils.converters.ArrayConverter - Converting 'Long[]' value '[Ljava.lang.Long;@74f5ce22' to type 'Long[]'
21:54:30.288 [main] DEBUG org.apache.commons.beanutils.converters.ArrayConverter -     No conversion required, value is already a Long[]
21:54:30.288 [main] DEBUG org.apache.commons.beanutils.converters.ArrayConverter - Setting default value: [Ljava.lang.Short;@25aca718
21:54:30.288 [main] DEBUG org.apache.commons.beanutils.converters.ArrayConverter - Converting 'Short[]' value '[Ljava.lang.Short;@25aca718' to type 'Short[]'
21:54:30.288 [main] DEBUG org.apache.commons.beanutils.converters.ArrayConverter -     No conversion required, value is already a Short[]
21:54:30.289 [main] DEBUG org.apache.commons.beanutils.converters.ArrayConverter - Setting default value: [Ljava.lang.String;@16fdec90
21:54:30.289 [main] DEBUG org.apache.commons.beanutils.converters.ArrayConverter - Converting 'String[]' value '[Ljava.lang.String;@16fdec90' to type 'String[]'
21:54:30.289 [main] DEBUG org.apache.commons.beanutils.converters.ArrayConverter -     No conversion required, value is already a String[]
21:54:30.289 [main] DEBUG org.apache.commons.beanutils.converters.ArrayConverter - Setting default value: [Ljava.lang.Class;@1afdd473
21:54:30.289 [main] DEBUG org.apache.commons.beanutils.converters.ArrayConverter - Converting 'Class[]' value '[Ljava.lang.Class;@1afdd473' to type 'Class[]'
21:54:30.289 [main] DEBUG org.apache.commons.beanutils.converters.ArrayConverter -     No conversion required, value is already a Class[]
21:54:30.289 [main] DEBUG org.apache.commons.beanutils.converters.ArrayConverter - Setting default value: [Ljava.util.Date;@40238dd0
21:54:30.289 [main] DEBUG org.apache.commons.beanutils.converters.ArrayConverter - Converting 'Date[]' value '[Ljava.util.Date;@40238dd0' to type 'Date[]'
21:54:30.289 [main] DEBUG org.apache.commons.beanutils.converters.ArrayConverter -     No conversion required, value is already a Date[]
21:54:30.289 [main] DEBUG org.apache.commons.beanutils.converters.ArrayConverter - Setting default value: [Ljava.util.Calendar;@79179359
21:54:30.289 [main] DEBUG org.apache.commons.beanutils.converters.ArrayConverter - Converting 'Calendar[]' value '[Ljava.util.Calendar;@79179359' to type 'Calendar[]'
21:54:30.289 [main] DEBUG org.apache.commons.beanutils.converters.ArrayConverter -     No conversion required, value is already a Calendar[]
21:54:30.289 [main] DEBUG org.apache.commons.beanutils.converters.ArrayConverter - Setting default value: [Ljava.io.File;@51acdf2e
21:54:30.289 [main] DEBUG org.apache.commons.beanutils.converters.ArrayConverter - Converting 'java.io.File[]' value '[Ljava.io.File;@51acdf2e' to type 'java.io.File[]'
21:54:30.289 [main] DEBUG org.apache.commons.beanutils.converters.ArrayConverter -     No conversion required, value is already a java.io.File[]
21:54:30.289 [main] DEBUG org.apache.commons.beanutils.converters.ArrayConverter - Setting default value: [Ljava.sql.Date;@2f1de2d6
21:54:30.289 [main] DEBUG org.apache.commons.beanutils.converters.ArrayConverter - Converting 'java.sql.Date[]' value '[Ljava.sql.Date;@2f1de2d6' to type 'java.sql.Date[]'
21:54:30.289 [main] DEBUG org.apache.commons.beanutils.converters.ArrayConverter -     No conversion required, value is already a java.sql.Date[]
21:54:30.290 [main] DEBUG org.apache.commons.beanutils.converters.ArrayConverter - Setting default value: [Ljava.sql.Time;@79517588
21:54:30.290 [main] DEBUG org.apache.commons.beanutils.converters.ArrayConverter - Converting 'java.sql.Time[]' value '[Ljava.sql.Time;@79517588' to type 'java.sql.Time[]'
21:54:30.290 [main] DEBUG org.apache.commons.beanutils.converters.ArrayConverter -     No conversion required, value is already a java.sql.Time[]
21:54:30.290 [main] DEBUG org.apache.commons.beanutils.converters.ArrayConverter - Setting default value: [Ljava.sql.Timestamp;@7ac0e420
21:54:30.290 [main] DEBUG org.apache.commons.beanutils.converters.ArrayConverter - Converting 'java.sql.Timestamp[]' value '[Ljava.sql.Timestamp;@7ac0e420' to type 'java.sql.Timestamp[]'
21:54:30.290 [main] DEBUG org.apache.commons.beanutils.converters.ArrayConverter -     No conversion required, value is already a java.sql.Timestamp[]
21:54:30.290 [main] DEBUG org.apache.commons.beanutils.converters.ArrayConverter - Setting default value: [Ljava.net.URL;@5a18cd76
21:54:30.290 [main] DEBUG org.apache.commons.beanutils.converters.ArrayConverter - Converting 'java.net.URL[]' value '[Ljava.net.URL;@5a18cd76' to type 'java.net.URL[]'
21:54:30.290 [main] DEBUG org.apache.commons.beanutils.converters.ArrayConverter -     No conversion required, value is already a java.net.URL[]
21:54:30.293 [main] DEBUG org.apache.commons.beanutils.converters.IntegerConverter - Setting default value: null
21:54:30.293 [main] DEBUG org.apache.commons.beanutils.converters.FloatConverter - Setting default value: null
21:54:30.293 [main] DEBUG org.apache.commons.beanutils.converters.DoubleConverter - Setting default value: null
21:54:30.742 [main] WARN com.homeaway.devtools.jenkins.testing.WholeClasspathPipelineExtensionDetector - Failed to get some classes annotated with [interface hudson.Extension] of type [class org.jenkinsci.plugins.workflow.steps.StepDescriptor] in package [Optional.empty]. For detailed error messages, set the system property PipelineExtensionDetector.expandFailures=true. Failures: [[com.cloudbees.plugins.credentials.cli.CreateCredentialsByXmlCommand, hudson.cli.UpdateNodeCommand, org.jenkinsci.plugins.workflow.cps.CpsFlowExecution$PipelineTimings, hudson.cli.ReloadConfigurationCommand, hudson.cli.DeleteJobCommand, jenkins.plugins.git.traits.TagDiscoveryTrait$TagSCMHeadAuthority$DescriptorImpl, com.cloudbees.plugins.credentials.cli.ListCredentialsProvidersCommand, hudson.cli.ListJobsCommand, com.cloudbees.plugins.credentials.cli.DeleteCredentialsDomainCommand, hudson.cli.DisconnectNodeCommand, hudson.cli.BuildCommand, hudson.cli.GetJobCommand, hudson.cli.DeleteViewCommand, jenkins.plugins.git.traits.RefSpecsSCMSourceTrait$DescriptorImpl, com.cloudbees.plugins.credentials.cli.CreateCredentialsDomainByXmlCommand, org.jenkinsci.plugins.workflow.cps.replay.ReplayCommand, com.cloudbees.plugins.credentials.cli.GetCredentialsAsXmlCommand, hudson.cli.ConnectNodeCommand, hudson.cli.VersionCommand, hudson.cli.DeleteNodeCommand, com.cloudbees.plugins.credentials.cli.UpdateCredentialsDomainByXmlCommand, hudson.cli.OnlineNodeCommand, jenkins.plugins.git.traits.SubmoduleOptionTrait$DescriptorImpl, jenkins.plugins.git.traits.IgnoreOnPushNotificationTrait$DescriptorImpl, jenkins.plugins.git.traits.WipeWorkspaceTrait$DescriptorImpl, hudson.cli.ReloadJobCommand, jenkins.plugins.git.traits.GitLFSPullTrait$DescriptorImpl, hudson.cli.InstallPluginCommand, jenkins.plugins.git.traits.AuthorInChangelogTrait$DescriptorImpl, com.cloudbees.plugins.credentials.cli.UpdateCredentialsByXmlCommand, hudson.cli.SetBuildParameterCommand, org.jenkinsci.plugins.workflow.cps.CpsThreadDumpAction$PipelineThreadDump, jenkins.plugins.git.traits.GitToolSCMSourceTrait$DescriptorImpl, com.cloudbees.plugins.credentials.cli.DeleteCredentialsCommand, hudson.cli.GetNodeCommand, com.cloudbees.plugins.credentials.cli.GetCredentialsDomainAsXmlCommand, com.cloudbees.plugins.credentials.cli.ListCredentialsContextResolversCommand, hudson.cli.CancelQuietDownCommand, hudson.cli.CreateJobCommand, hudson.cli.GetViewCommand, hudson.cli.HelpCommand, hudson.cli.SetBuildDisplayNameCommand, hudson.cli.ClearQueueCommand, hudson.cli.SetBuildDescriptionCommand, hudson.plugins.git.GitRevisionTokenMacro, jenkins.plugins.git.traits.BranchDiscoveryTrait$BranchSCMHeadAuthority$DescriptorImpl, hudson.cli.GroovyshCommand, hudson.cli.QuietDownCommand, hudson.cli.ConsoleCommand, hudson.cli.CliProtocol2, hudson.cli.WaitNodeOnlineCommand, jenkins.plugins.git.traits.CleanAfterCheckoutTrait$DescriptorImpl, hudson.cli.GroovyCommand, jenkins.plugins.git.traits.CheckoutOptionTrait$DescriptorImpl, hudson.cli.LoginCommand, hudson.cli.WhoAmICommand, jenkins.plugins.git.traits.RemoteNameSCMSourceTrait$DescriptorImpl, jenkins.plugins.git.GitSCMSource$ListenerImpl, hudson.cli.WaitNodeOfflineCommand, hudson.cli.CopyJobCommand, hudson.cli.RemoveJobFromViewCommand, hudson.cli.ListPluginsCommand, jenkins.plugins.git.traits.LocalBranchTrait$DescriptorImpl, hudson.cli.SetBuildResultCommand, jenkins.plugins.git.traits.CleanBeforeCheckoutTrait$DescriptorImpl, jenkins.plugins.git.traits.UserIdentityTrait$DescriptorImpl, hudson.cli.MailCommand, jenkins.plugins.git.traits.GitBrowserSCMSourceTrait$DescriptorImpl, hudson.cli.ListChangesCommand, jenkins.slaves.JnlpSlaveAgentProtocol, hudson.cli.LogoutCommand, hudson.cli.CliProtocol, hudson.cli.SessionIdCommand, hudson.cli.CreateNodeCommand, hudson.cli.DeleteBuildsCommand, jenkins.plugins.git.traits.DiscoverOtherRefsTrait$DescriptorImpl, jenkins.plugins.git.traits.TagDiscoveryTrait$DescriptorImpl, com.cloudbees.plugins.credentials.cli.ListCredentialsCommand, jenkins.plugins.git.traits.PruneStaleBranchTrait$DescriptorImpl, hudson.plugins.git.GitBranchTokenMacro, hudson.cli.AddJobToViewCommand, hudson.cli.OfflineNodeCommand, hudson.cli.UpdateJobCommand, jenkins.plugins.git.traits.BranchDiscoveryTrait$DescriptorImpl, hudson.cli.CreateViewCommand, jenkins.plugins.git.traits.CloneOptionTrait$DescriptorImpl, hudson.cli.InstallToolCommand, jenkins.slaves.JnlpSlaveAgentProtocol3, hudson.cli.UpdateViewCommand]]
21:54:33.476 [main] WARN com.homeaway.devtools.jenkins.testing.WholeClasspathPipelineExtensionDetector - Failed to get some classes annotated with [interface org.jenkinsci.Symbol] of type [class java.lang.Object] in package [Optional.empty]. For detailed error messages, set the system property PipelineExtensionDetector.expandFailures=true. Failures: [[jenkins.slaves.JnlpSlaveAgentProtocol, hudson.cli.CliProtocol, hudson.cli.CliProtocol2, jenkins.slaves.JnlpSlaveAgentProtocol3]]
21:54:35.428 [main] WARN com.homeaway.devtools.jenkins.testing.WholeClasspathPipelineExtensionDetector - Failed to get some classes annotated with [interface hudson.Extension] of type [class org.jenkinsci.plugins.workflow.cps.GlobalVariable] in package [Optional.empty]. For detailed error messages, set the system property PipelineExtensionDetector.expandFailures=true. Failures: [[com.cloudbees.plugins.credentials.cli.CreateCredentialsByXmlCommand, hudson.cli.UpdateNodeCommand, org.jenkinsci.plugins.workflow.cps.CpsFlowExecution$PipelineTimings, hudson.cli.ReloadConfigurationCommand, hudson.cli.DeleteJobCommand, jenkins.plugins.git.traits.TagDiscoveryTrait$TagSCMHeadAuthority$DescriptorImpl, com.cloudbees.plugins.credentials.cli.ListCredentialsProvidersCommand, hudson.cli.ListJobsCommand, com.cloudbees.plugins.credentials.cli.DeleteCredentialsDomainCommand, hudson.cli.DisconnectNodeCommand, hudson.cli.BuildCommand, hudson.cli.GetJobCommand, hudson.cli.DeleteViewCommand, jenkins.plugins.git.traits.RefSpecsSCMSourceTrait$DescriptorImpl, com.cloudbees.plugins.credentials.cli.CreateCredentialsDomainByXmlCommand, org.jenkinsci.plugins.workflow.cps.replay.ReplayCommand, com.cloudbees.plugins.credentials.cli.GetCredentialsAsXmlCommand, hudson.cli.ConnectNodeCommand, hudson.cli.VersionCommand, hudson.cli.DeleteNodeCommand, com.cloudbees.plugins.credentials.cli.UpdateCredentialsDomainByXmlCommand, hudson.cli.OnlineNodeCommand, jenkins.plugins.git.traits.SubmoduleOptionTrait$DescriptorImpl, jenkins.plugins.git.traits.IgnoreOnPushNotificationTrait$DescriptorImpl, jenkins.plugins.git.traits.WipeWorkspaceTrait$DescriptorImpl, hudson.cli.ReloadJobCommand, jenkins.plugins.git.traits.GitLFSPullTrait$DescriptorImpl, hudson.cli.InstallPluginCommand, jenkins.plugins.git.traits.AuthorInChangelogTrait$DescriptorImpl, com.cloudbees.plugins.credentials.cli.UpdateCredentialsByXmlCommand, hudson.cli.SetBuildParameterCommand, org.jenkinsci.plugins.workflow.cps.CpsThreadDumpAction$PipelineThreadDump, jenkins.plugins.git.traits.GitToolSCMSourceTrait$DescriptorImpl, com.cloudbees.plugins.credentials.cli.DeleteCredentialsCommand, hudson.cli.GetNodeCommand, com.cloudbees.plugins.credentials.cli.GetCredentialsDomainAsXmlCommand, com.cloudbees.plugins.credentials.cli.ListCredentialsContextResolversCommand, hudson.cli.CancelQuietDownCommand, hudson.cli.CreateJobCommand, hudson.cli.GetViewCommand, hudson.cli.HelpCommand, hudson.cli.SetBuildDisplayNameCommand, hudson.cli.ClearQueueCommand, hudson.cli.SetBuildDescriptionCommand, hudson.plugins.git.GitRevisionTokenMacro, jenkins.plugins.git.traits.BranchDiscoveryTrait$BranchSCMHeadAuthority$DescriptorImpl, hudson.cli.GroovyshCommand, hudson.cli.QuietDownCommand, hudson.cli.ConsoleCommand, hudson.cli.CliProtocol2, hudson.cli.WaitNodeOnlineCommand, jenkins.plugins.git.traits.CleanAfterCheckoutTrait$DescriptorImpl, hudson.cli.GroovyCommand, jenkins.plugins.git.traits.CheckoutOptionTrait$DescriptorImpl, hudson.cli.LoginCommand, hudson.cli.WhoAmICommand, jenkins.plugins.git.traits.RemoteNameSCMSourceTrait$DescriptorImpl, jenkins.plugins.git.GitSCMSource$ListenerImpl, hudson.cli.WaitNodeOfflineCommand, hudson.cli.CopyJobCommand, hudson.cli.RemoveJobFromViewCommand, hudson.cli.ListPluginsCommand, jenkins.plugins.git.traits.LocalBranchTrait$DescriptorImpl, hudson.cli.SetBuildResultCommand, jenkins.plugins.git.traits.CleanBeforeCheckoutTrait$DescriptorImpl, jenkins.plugins.git.traits.UserIdentityTrait$DescriptorImpl, hudson.cli.MailCommand, jenkins.plugins.git.traits.GitBrowserSCMSourceTrait$DescriptorImpl, hudson.cli.ListChangesCommand, jenkins.slaves.JnlpSlaveAgentProtocol, hudson.cli.LogoutCommand, hudson.cli.CliProtocol, hudson.cli.SessionIdCommand, hudson.cli.CreateNodeCommand, hudson.cli.DeleteBuildsCommand, jenkins.plugins.git.traits.DiscoverOtherRefsTrait$DescriptorImpl, jenkins.plugins.git.traits.TagDiscoveryTrait$DescriptorImpl, com.cloudbees.plugins.credentials.cli.ListCredentialsCommand, jenkins.plugins.git.traits.PruneStaleBranchTrait$DescriptorImpl, hudson.plugins.git.GitBranchTokenMacro, hudson.cli.AddJobToViewCommand, hudson.cli.OfflineNodeCommand, hudson.cli.UpdateJobCommand, jenkins.plugins.git.traits.BranchDiscoveryTrait$DescriptorImpl, hudson.cli.CreateViewCommand, jenkins.plugins.git.traits.CloneOptionTrait$DescriptorImpl, hudson.cli.InstallToolCommand, jenkins.slaves.JnlpSlaveAgentProtocol3, hudson.cli.UpdateViewCommand]]
21:54:35.576 [main] DEBUG org.reflections.Reflections - going to scan these urls:
file:/C:/matea/shared_library/target/test-classes/
file:/C:/matea/shared_library/target/classes/
file:/C:/Users/eaormtt/.m2/repository/org/bytedeco/javacpp/1.2.3/
21:54:35.682 [main] INFO org.reflections.Reflections - Reflections took 106 ms to scan 3 urls, producing 3 keys and 3 values 
21:54:36.771 [main] DEBUG com.homeaway.devtools.jenkins.testing.JenkinsPipelineSpecification - TEST FIXTURE intercepted & redirected a call:
	Test         : class com.homeaway.devtools.jenkins.testing.JenkinsPipelineSpecification
	Note         : pipeline step 
	Via          : notify@161f6623.methodMissing
	    (types)  : notify.methodMissing
	Invocation   : notify@161f6623.echo([Sending Slack Notification])
	    (types)  : notify.echo(Object[])
	Forwarded To : Mock for type 'Closure' named 'getPipelineMock("echo")'.call(Sending Slack Notification)
	    (types)  : Closure$$EnhancerByCGLIB$$f8743ad0.call(String)

]]></system-out>
  </testcase>
  <testcase name="[notify] will echo EMAIL_MESSAGE if no type passed" classname="NotifySpec" time="0.118"/>
</testsuite>